<?xml version="1.0" encoding="UTF-8"?>
<!-- Generated by org.testng.reporters.JUnitReportReporter -->
<testsuite hostname="DESKTOP-38JQG8D" failures="0" tests="1" name="Udemy.ExtentReportDemo.ExtentDemo" time="5.939" errors="0" timestamp="2023-12-09T15:01:15 IST" skipped="0">
  <testcase classname="Udemy.ExtentReportDemo.ExtentDemo" name="intialDemo" time="5.939"/>
</testsuite> <!-- Udemy.ExtentReportDemo.ExtentDemo -->
